<?xml version="1.0" encoding="UTF-8"?>
<!-- Generated by org.testng.reporters.JUnitReportReporter -->
<testsuite skipped="0" hostname="DESKTOP-VI67QF8" name="com.cjc.Testdatadriven.MercuryTest1" tests="3" failures="0" timestamp="24 Feb 2019 07:13:43 GMT" time="29.517" errors="0">
  <testcase name="Loginvalddetails" time="13.692" classname="com.cjc.Testdatadriven.MercuryTest1"/>
  <testcase name="Loginvalddetails" time="10.310" classname="com.cjc.Testdatadriven.MercuryTest1"/>
  <testcase name="Loginvalddetails" time="5.515" classname="com.cjc.Testdatadriven.MercuryTest1"/>
</testsuite> <!-- com.cjc.Testdatadriven.MercuryTest1 -->
